producer_class	xtools.gsea.GseaPreranked
producer_timestamp	1586800508575
param	rpt_label	my_analysis
param	rnd_seed	timestamp
param	set_min	15
param	chip	ftp.broadinstitute.org://pub/gsea/annotations_versioned/Human_ENSEMBL_Gene_ID_MSigDB.v7.0.chip
param	zip_report	false
param	create_svgs	false
param	scoring_scheme	weighted
param	rnk	/Users/joshuaefe/Documents/COURSES(Winter 2020)/BCB420/docker/A2/data/tel_exp.rnk
param	norm	meandiv
param	out	/Users/joshuaefe/gsea_home/output/apr13
param	mode	Max_probe
param	include_only_symbols	true
param	help	false
param	set_max	200
param	gmx	/Users/joshuaefe/Documents/COURSES(Winter 2020)/BCB420/docker/A2/Human_GOBP_AllPathways_no_GO_iea_April_01_2020_symbol.gmt
param	make_sets	true
param	plot_top_x	20
param	gui	false
param	nperm	1000
param	collapse	Collapse

file	/Users/joshuaefe/gsea_home/output/apr13/my_analysis.GseaPreranked.1586800508575/index.html
